<?xml version="1.0" encoding="UTF-8"?>
<!-- Generated by org.testng.reporters.JUnitReportReporter -->
<testsuite hostname="DESKTOP-8EEQOHS" name="SeleniumTest.LoginTest.ToolQALogin" tests="1" failures="0" timestamp="12 Jan 2018 01:21:24 GMT" time="11.719" errors="0">
  <testcase name="LoginTest" time="11.719" classname="SeleniumTest.LoginTest.ToolQALogin"/>
</testsuite> <!-- SeleniumTest.LoginTest.ToolQALogin -->
